<?xml version="1.0" encoding="UTF-8"?>
<!-- Generated by org.testng.reporters.JUnitXMLReporter -->
<testsuite ignored="1" hostname="LIN59016518" failures="1" tests="1" name="Test" time="22.049" errors="0" timestamp="2022-01-28T15:01:35 IST">
  <testcase classname="test.smoke.smokeTest" name="validateUserSuccessfullyLogin" time="10.367">
    <failure type="java.lang.AssertionError" message="element is not displayed">
      <![CDATA[java.lang.AssertionError: element is not displayed
at spicejet.Basepage.TestBase.isElementPresent(TestBase.java:68)
at spicejet.Pages.LoginPage.loginToApplication(LoginPage.java:46)
at test.smoke.smokeTest.validateUserSuccessfullyLogin(smokeTest.java:54)
at java.base/java.util.ArrayList.forEach(ArrayList.java:1511)
... Removed 28 stack frames]]>
    </failure>
  </testcase> <!-- validateUserSuccessfullyLogin -->
  <testcase classname="test.smoke.smokeTest" name="validateSuccessfullyCreatedUserAccount" time="0.0">
    <ignored/>
  </testcase> <!-- validateSuccessfullyCreatedUserAccount -->
</testsuite> <!-- Test -->
